[11-Apr-2021 14:16:42 Asia/Tokyo] PHP Notice:  Only variables should be passed by reference in /var/www/html/user/action/register.php on line 17
[11-Apr-2021 14:18:52 Asia/Tokyo] PHP Notice:  Only variables should be passed by reference in /var/www/html/user/action/register.php on line 17
[18-Apr-2021 01:15:01 Asia/Tokyo] PHP Notice:  Undefined variable: user_name in /var/www/html/user/action/register.php on line 10
[18-Apr-2021 01:15:01 Asia/Tokyo] PHP Notice:  Undefined variable: user_email in /var/www/html/user/action/register.php on line 11
[18-Apr-2021 01:15:01 Asia/Tokyo] PHP Notice:  Undefined variable: user_password in /var/www/html/user/action/register.php on line 12
[18-Apr-2021 01:15:01 Asia/Tokyo] PHP Notice:  Undefined variable: user_name in /var/www/html/user/action/register.php on line 15
[18-Apr-2021 01:15:01 Asia/Tokyo] PHP Notice:  Undefined variable: user_email in /var/www/html/user/action/register.php on line 16
[18-Apr-2021 01:15:01 Asia/Tokyo] PHP Notice:  Undefined variable: user_password in /var/www/html/user/action/register.php on line 17
[18-Apr-2021 01:15:01 Asia/Tokyo] PHP Notice:  Undefined variable: user_password in /var/www/html/user/action/register.php on line 18
[18-Apr-2021 01:15:15 Asia/Tokyo] PHP Notice:  Undefined variable: user_name in /var/www/html/user/action/register.php on line 10
[18-Apr-2021 01:15:15 Asia/Tokyo] PHP Notice:  Undefined variable: user_email in /var/www/html/user/action/register.php on line 11
[18-Apr-2021 01:15:15 Asia/Tokyo] PHP Notice:  Undefined variable: user_password in /var/www/html/user/action/register.php on line 12
[18-Apr-2021 01:15:15 Asia/Tokyo] PHP Notice:  Undefined variable: user_name in /var/www/html/user/action/register.php on line 15
[18-Apr-2021 01:15:15 Asia/Tokyo] PHP Notice:  Undefined variable: user_email in /var/www/html/user/action/register.php on line 16
[18-Apr-2021 01:15:15 Asia/Tokyo] PHP Notice:  Undefined variable: user_password in /var/www/html/user/action/register.php on line 17
[18-Apr-2021 01:15:15 Asia/Tokyo] PHP Notice:  Undefined variable: user_password in /var/www/html/user/action/register.php on line 18
[18-Apr-2021 01:15:30 Asia/Tokyo] PHP Notice:  Undefined variable: user_name in /var/www/html/user/action/register.php on line 10
[18-Apr-2021 01:15:30 Asia/Tokyo] PHP Notice:  Undefined variable: user_email in /var/www/html/user/action/register.php on line 11
[18-Apr-2021 01:15:30 Asia/Tokyo] PHP Notice:  Undefined variable: user_password in /var/www/html/user/action/register.php on line 12
[18-Apr-2021 01:15:30 Asia/Tokyo] PHP Notice:  Undefined variable: user_name in /var/www/html/user/action/register.php on line 15
[18-Apr-2021 01:15:30 Asia/Tokyo] PHP Notice:  Undefined variable: user_email in /var/www/html/user/action/register.php on line 16
[18-Apr-2021 01:15:30 Asia/Tokyo] PHP Notice:  Undefined variable: user_password in /var/www/html/user/action/register.php on line 17
[18-Apr-2021 01:15:30 Asia/Tokyo] PHP Notice:  Undefined variable: user_password in /var/www/html/user/action/register.php on line 18
[18-Apr-2021 01:15:42 Asia/Tokyo] PHP Notice:  Undefined variable: user_name in /var/www/html/user/action/register.php on line 10
[18-Apr-2021 01:15:42 Asia/Tokyo] PHP Notice:  Undefined variable: user_email in /var/www/html/user/action/register.php on line 11
[18-Apr-2021 01:15:42 Asia/Tokyo] PHP Notice:  Undefined variable: user_password in /var/www/html/user/action/register.php on line 12
[18-Apr-2021 01:15:42 Asia/Tokyo] PHP Notice:  Undefined variable: user_name in /var/www/html/user/action/register.php on line 15
[18-Apr-2021 01:15:42 Asia/Tokyo] PHP Notice:  Undefined variable: user_email in /var/www/html/user/action/register.php on line 16
[18-Apr-2021 01:15:42 Asia/Tokyo] PHP Notice:  Undefined variable: user_password in /var/www/html/user/action/register.php on line 17
[18-Apr-2021 01:15:42 Asia/Tokyo] PHP Notice:  Undefined variable: user_password in /var/www/html/user/action/register.php on line 18
[18-Apr-2021 01:16:37 Asia/Tokyo] PHP Notice:  Undefined variable: user_name in /var/www/html/user/action/register.php on line 10
[18-Apr-2021 01:16:37 Asia/Tokyo] PHP Notice:  Undefined variable: user_email in /var/www/html/user/action/register.php on line 11
[18-Apr-2021 01:16:37 Asia/Tokyo] PHP Notice:  Undefined variable: user_password in /var/www/html/user/action/register.php on line 12
[18-Apr-2021 01:16:37 Asia/Tokyo] PHP Notice:  Undefined variable: user_name in /var/www/html/user/action/register.php on line 15
[18-Apr-2021 01:16:37 Asia/Tokyo] PHP Notice:  Undefined variable: user_email in /var/www/html/user/action/register.php on line 16
[18-Apr-2021 01:16:37 Asia/Tokyo] PHP Notice:  Undefined variable: user_password in /var/www/html/user/action/register.php on line 17
[18-Apr-2021 01:16:37 Asia/Tokyo] PHP Notice:  Undefined variable: user_password in /var/www/html/user/action/register.php on line 18
[18-Apr-2021 01:17:15 Asia/Tokyo] PHP Notice:  Undefined variable: user_name in /var/www/html/user/action/register.php on line 10
[18-Apr-2021 01:17:15 Asia/Tokyo] PHP Notice:  Undefined variable: user_email in /var/www/html/user/action/register.php on line 11
[18-Apr-2021 01:17:15 Asia/Tokyo] PHP Notice:  Undefined variable: user_password in /var/www/html/user/action/register.php on line 12
[18-Apr-2021 01:17:15 Asia/Tokyo] PHP Notice:  Undefined variable: user_name in /var/www/html/user/action/register.php on line 15
[18-Apr-2021 01:17:15 Asia/Tokyo] PHP Notice:  Undefined variable: user_email in /var/www/html/user/action/register.php on line 16
[18-Apr-2021 01:17:15 Asia/Tokyo] PHP Notice:  Undefined variable: user_password in /var/www/html/user/action/register.php on line 17
[18-Apr-2021 01:17:15 Asia/Tokyo] PHP Notice:  Undefined variable: user_password in /var/www/html/user/action/register.php on line 18
[18-Apr-2021 01:17:19 Asia/Tokyo] PHP Notice:  Undefined variable: user_name in /var/www/html/user/action/register.php on line 10
[18-Apr-2021 01:17:19 Asia/Tokyo] PHP Notice:  Undefined variable: user_email in /var/www/html/user/action/register.php on line 11
[18-Apr-2021 01:17:19 Asia/Tokyo] PHP Notice:  Undefined variable: user_password in /var/www/html/user/action/register.php on line 12
[18-Apr-2021 01:17:19 Asia/Tokyo] PHP Notice:  Undefined variable: user_name in /var/www/html/user/action/register.php on line 15
[18-Apr-2021 01:17:19 Asia/Tokyo] PHP Notice:  Undefined variable: user_email in /var/www/html/user/action/register.php on line 16
[18-Apr-2021 01:17:19 Asia/Tokyo] PHP Notice:  Undefined variable: user_password in /var/www/html/user/action/register.php on line 17
[18-Apr-2021 01:17:19 Asia/Tokyo] PHP Notice:  Undefined variable: user_password in /var/www/html/user/action/register.php on line 18
[18-Apr-2021 01:17:21 Asia/Tokyo] PHP Notice:  Undefined variable: user_name in /var/www/html/user/action/register.php on line 10
[18-Apr-2021 01:17:21 Asia/Tokyo] PHP Notice:  Undefined variable: user_email in /var/www/html/user/action/register.php on line 11
[18-Apr-2021 01:17:21 Asia/Tokyo] PHP Notice:  Undefined variable: user_password in /var/www/html/user/action/register.php on line 12
[18-Apr-2021 01:17:21 Asia/Tokyo] PHP Notice:  Undefined variable: user_name in /var/www/html/user/action/register.php on line 15
[18-Apr-2021 01:17:21 Asia/Tokyo] PHP Notice:  Undefined variable: user_email in /var/www/html/user/action/register.php on line 16
[18-Apr-2021 01:17:21 Asia/Tokyo] PHP Notice:  Undefined variable: user_password in /var/www/html/user/action/register.php on line 17
[18-Apr-2021 01:17:21 Asia/Tokyo] PHP Notice:  Undefined variable: user_password in /var/www/html/user/action/register.php on line 18
[18-Apr-2021 01:17:22 Asia/Tokyo] PHP Notice:  Undefined variable: user_name in /var/www/html/user/action/register.php on line 10
[18-Apr-2021 01:17:22 Asia/Tokyo] PHP Notice:  Undefined variable: user_email in /var/www/html/user/action/register.php on line 11
[18-Apr-2021 01:17:22 Asia/Tokyo] PHP Notice:  Undefined variable: user_password in /var/www/html/user/action/register.php on line 12
[18-Apr-2021 01:17:22 Asia/Tokyo] PHP Notice:  Undefined variable: user_name in /var/www/html/user/action/register.php on line 15
[18-Apr-2021 01:17:22 Asia/Tokyo] PHP Notice:  Undefined variable: user_email in /var/www/html/user/action/register.php on line 16
[18-Apr-2021 01:17:22 Asia/Tokyo] PHP Notice:  Undefined variable: user_password in /var/www/html/user/action/register.php on line 17
[18-Apr-2021 01:17:22 Asia/Tokyo] PHP Notice:  Undefined variable: user_password in /var/www/html/user/action/register.php on line 18
[18-Apr-2021 01:17:28 Asia/Tokyo] PHP Notice:  Undefined variable: user_name in /var/www/html/user/action/register.php on line 10
[18-Apr-2021 01:17:28 Asia/Tokyo] PHP Notice:  Undefined variable: user_email in /var/www/html/user/action/register.php on line 11
[18-Apr-2021 01:17:28 Asia/Tokyo] PHP Notice:  Undefined variable: user_password in /var/www/html/user/action/register.php on line 12
[18-Apr-2021 01:17:28 Asia/Tokyo] PHP Notice:  Undefined variable: user_name in /var/www/html/user/action/register.php on line 15
[18-Apr-2021 01:17:28 Asia/Tokyo] PHP Notice:  Undefined variable: user_email in /var/www/html/user/action/register.php on line 16
[18-Apr-2021 01:17:28 Asia/Tokyo] PHP Notice:  Undefined variable: user_password in /var/www/html/user/action/register.php on line 17
[18-Apr-2021 01:17:28 Asia/Tokyo] PHP Notice:  Undefined variable: user_password in /var/www/html/user/action/register.php on line 18
[18-Apr-2021 01:19:08 Asia/Tokyo] PHP Fatal error:  Uncaught Error: Call to undefined method PDOStatement::excute() in /var/www/html/common/validation.php:83
Stack trace:
#0 /var/www/html/user/action/register.php(36): mailAddressDuplicationCheck(Array, 'jo_tenn1010@out...', '\xE6\x97\xA2\xE3\x81\xAB\xE7\x99\xBB\xE9\x8C\xB2\xE3\x81\x95...')
#1 {main}
  thrown in /var/www/html/common/validation.php on line 83
[18-Apr-2021 01:19:49 Asia/Tokyo] PHP Fatal error:  Uncaught Error: Call to undefined method PDOStatement::excute() in /var/www/html/common/validation.php:83
Stack trace:
#0 /var/www/html/user/action/register.php(36): mailAddressDuplicationCheck(Array, 'saas', '\xE6\x97\xA2\xE3\x81\xAB\xE7\x99\xBB\xE9\x8C\xB2\xE3\x81\x95...')
#1 {main}
  thrown in /var/www/html/common/validation.php on line 83
[18-Apr-2021 01:22:16 Asia/Tokyo] PHP Notice:  Only variables should be passed by reference in /var/www/html/user/action/register.php on line 56
[18-Apr-2021 20:30:55 Asia/Tokyo] PHP Notice:  Only variables should be passed by reference in /var/www/html/user/action/register.php on line 56
[18-Apr-2021 20:32:16 Asia/Tokyo] PHP Notice:  Trying to access array offset on value of type bool in /var/www/html/login/action/login.php on line 52
[18-Apr-2021 20:32:16 Asia/Tokyo] PHP Notice:  Trying to access array offset on value of type bool in /var/www/html/login/action/login.php on line 53
[18-Apr-2021 20:32:16 Asia/Tokyo] PHP Notice:  Trying to access array offset on value of type bool in /var/www/html/login/action/login.php on line 55
[18-Apr-2021 20:35:13 Asia/Tokyo] PHP Notice:  Only variables should be passed by reference in /var/www/html/user/action/register.php on line 56
